0 info it worked if it ends with ok
1 verbose cli [ 'node', '/usr/local/bin/npm', 'install', 'moments' ]
2 info using npm@1.4.13
3 info using node@v0.10.28
4 verbose node symlink /usr/local/bin/node
5 verbose readDependencies using package.json deps
6 verbose cache add [ 'moments', null ]
7 verbose cache add name=undefined spec="moments" args=["moments",null]
8 verbose parsed url { protocol: null,
8 verbose parsed url   slashes: null,
8 verbose parsed url   auth: null,
8 verbose parsed url   host: null,
8 verbose parsed url   port: null,
8 verbose parsed url   hostname: null,
8 verbose parsed url   hash: null,
8 verbose parsed url   search: null,
8 verbose parsed url   query: null,
8 verbose parsed url   pathname: 'moments',
8 verbose parsed url   path: 'moments',
8 verbose parsed url   href: 'moments' }
9 silly lockFile 4d512399-moments moments
10 verbose lock moments /Users/davidhseidman/.npm/4d512399-moments.lock
11 silly lockFile 4d512399-moments moments
12 silly lockFile 4d512399-moments moments
13 verbose addNamed [ 'moments', '' ]
14 verbose addNamed [ null, '*' ]
15 silly lockFile d3201009-moments moments@
16 verbose lock moments@ /Users/davidhseidman/.npm/d3201009-moments.lock
17 silly addNameRange { name: 'moments', range: '*', hasData: false }
18 verbose url raw moments
19 verbose url resolving [ 'https://registry.npmjs.org/', './moments' ]
20 verbose url resolved https://registry.npmjs.org/moments
21 info trying registry request attempt 1 at 09:18:45
22 http GET https://registry.npmjs.org/moments
23 http 404 https://registry.npmjs.org/moments
24 verbose headers { date: 'Sat, 16 Aug 2014 13:18:46 GMT',
24 verbose headers   server: 'CouchDB/1.5.0 (Erlang OTP/R16B03)',
24 verbose headers   'content-type': 'application/json',
24 verbose headers   'cache-control': 'max-age=0',
24 verbose headers   'content-length': '52',
24 verbose headers   'accept-ranges': 'bytes',
24 verbose headers   via: '1.1 varnish',
24 verbose headers   age: '0',
24 verbose headers   'x-served-by': 'cache-iad2124-IAD',
24 verbose headers   'x-cache': 'MISS',
24 verbose headers   'x-cache-hits': '0',
24 verbose headers   'x-timer': 'S1408195126.110766,VS0,VE415',
24 verbose headers   'keep-alive': 'timeout=10, max=50',
24 verbose headers   connection: 'Keep-Alive' }
25 silly registry.get cb [ 404,
25 silly registry.get   { date: 'Sat, 16 Aug 2014 13:18:46 GMT',
25 silly registry.get     server: 'CouchDB/1.5.0 (Erlang OTP/R16B03)',
25 silly registry.get     'content-type': 'application/json',
25 silly registry.get     'cache-control': 'max-age=0',
25 silly registry.get     'content-length': '52',
25 silly registry.get     'accept-ranges': 'bytes',
25 silly registry.get     via: '1.1 varnish',
25 silly registry.get     age: '0',
25 silly registry.get     'x-served-by': 'cache-iad2124-IAD',
25 silly registry.get     'x-cache': 'MISS',
25 silly registry.get     'x-cache-hits': '0',
25 silly registry.get     'x-timer': 'S1408195126.110766,VS0,VE415',
25 silly registry.get     'keep-alive': 'timeout=10, max=50',
25 silly registry.get     connection: 'Keep-Alive' } ]
26 silly lockFile d3201009-moments moments@
27 silly lockFile d3201009-moments moments@
28 error 404 404 Not Found: moments
28 error 404
28 error 404 'moments' is not in the npm registry.
28 error 404 You should bug the author to publish it
28 error 404
28 error 404 Note that you can also install from a
28 error 404 tarball, folder, or http url, or git url.
29 error System Darwin 13.2.0
30 error command "node" "/usr/local/bin/npm" "install" "moments"
31 error cwd /Users/davidhseidman/Documents/TIY/pett.io
32 error node -v v0.10.28
33 error npm -v 1.4.13
34 error code E404
35 verbose exit [ 1, true ]
